[2026-02-15T17:41:01.769+0000] {processor.py:161} INFO - Started process (PID=190) to work on /opt/airflow/dags/news-dag.py
[2026-02-15T17:41:01.770+0000] {processor.py:830} INFO - Processing file /opt/airflow/dags/news-dag.py for tasks to queue
[2026-02-15T17:41:01.771+0000] {logging_mixin.py:188} INFO - [2026-02-15T17:41:01.771+0000] {dagbag.py:538} INFO - Filling up the DagBag from /opt/airflow/dags/news-dag.py
[2026-02-15T17:41:01.807+0000] {logging_mixin.py:188} INFO - [2026-02-15T17:41:01.801+0000] {dagbag.py:348} ERROR - Failed to import: /opt/airflow/dags/news-dag.py
Traceback (most recent call last):
  File "/home/airflow/.local/lib/python3.11/site-packages/airflow/models/dagbag.py", line 344, in parse
    loader.exec_module(new_module)
  File "<frozen importlib._bootstrap_external>", line 940, in exec_module
  File "<frozen importlib._bootstrap>", line 241, in _call_with_frames_removed
  File "/opt/airflow/dags/news-dag.py", line 4, in <module>
    from plugins.scrapers.rss_scaper import RSSListScraper
ModuleNotFoundError: No module named 'plugins'
[2026-02-15T17:41:01.810+0000] {processor.py:842} WARNING - No viable dags retrieved from /opt/airflow/dags/news-dag.py
[2026-02-15T17:41:01.843+0000] {processor.py:183} INFO - Processing /opt/airflow/dags/news-dag.py took 0.079 seconds
[2026-02-15T17:41:32.041+0000] {processor.py:161} INFO - Started process (PID=201) to work on /opt/airflow/dags/news-dag.py
[2026-02-15T17:41:32.042+0000] {processor.py:830} INFO - Processing file /opt/airflow/dags/news-dag.py for tasks to queue
[2026-02-15T17:41:32.044+0000] {logging_mixin.py:188} INFO - [2026-02-15T17:41:32.043+0000] {dagbag.py:538} INFO - Filling up the DagBag from /opt/airflow/dags/news-dag.py
[2026-02-15T17:41:32.079+0000] {logging_mixin.py:188} INFO - [2026-02-15T17:41:32.073+0000] {dagbag.py:348} ERROR - Failed to import: /opt/airflow/dags/news-dag.py
Traceback (most recent call last):
  File "/home/airflow/.local/lib/python3.11/site-packages/airflow/models/dagbag.py", line 344, in parse
    loader.exec_module(new_module)
  File "<frozen importlib._bootstrap_external>", line 940, in exec_module
  File "<frozen importlib._bootstrap>", line 241, in _call_with_frames_removed
  File "/opt/airflow/dags/news-dag.py", line 4, in <module>
    from plugins.scrapers.rss_scaper import RSSListScraper
ModuleNotFoundError: No module named 'plugins'
[2026-02-15T17:41:32.081+0000] {processor.py:842} WARNING - No viable dags retrieved from /opt/airflow/dags/news-dag.py
[2026-02-15T17:41:32.127+0000] {processor.py:183} INFO - Processing /opt/airflow/dags/news-dag.py took 0.096 seconds
[2026-02-15T17:42:02.374+0000] {processor.py:161} INFO - Started process (PID=212) to work on /opt/airflow/dags/news-dag.py
[2026-02-15T17:42:02.376+0000] {processor.py:830} INFO - Processing file /opt/airflow/dags/news-dag.py for tasks to queue
[2026-02-15T17:42:02.377+0000] {logging_mixin.py:188} INFO - [2026-02-15T17:42:02.377+0000] {dagbag.py:538} INFO - Filling up the DagBag from /opt/airflow/dags/news-dag.py
[2026-02-15T17:42:02.409+0000] {logging_mixin.py:188} INFO - [2026-02-15T17:42:02.403+0000] {dagbag.py:348} ERROR - Failed to import: /opt/airflow/dags/news-dag.py
Traceback (most recent call last):
  File "/home/airflow/.local/lib/python3.11/site-packages/airflow/models/dagbag.py", line 344, in parse
    loader.exec_module(new_module)
  File "<frozen importlib._bootstrap_external>", line 940, in exec_module
  File "<frozen importlib._bootstrap>", line 241, in _call_with_frames_removed
  File "/opt/airflow/dags/news-dag.py", line 4, in <module>
    from plugins.scrapers.rss_scaper import RSSListScraper
ModuleNotFoundError: No module named 'plugins'
[2026-02-15T17:42:02.411+0000] {processor.py:842} WARNING - No viable dags retrieved from /opt/airflow/dags/news-dag.py
[2026-02-15T17:42:02.462+0000] {processor.py:183} INFO - Processing /opt/airflow/dags/news-dag.py took 0.092 seconds
[2026-02-15T17:42:32.655+0000] {processor.py:161} INFO - Started process (PID=223) to work on /opt/airflow/dags/news-dag.py
[2026-02-15T17:42:32.657+0000] {processor.py:830} INFO - Processing file /opt/airflow/dags/news-dag.py for tasks to queue
[2026-02-15T17:42:32.658+0000] {logging_mixin.py:188} INFO - [2026-02-15T17:42:32.658+0000] {dagbag.py:538} INFO - Filling up the DagBag from /opt/airflow/dags/news-dag.py
[2026-02-15T17:42:32.692+0000] {logging_mixin.py:188} INFO - [2026-02-15T17:42:32.685+0000] {dagbag.py:348} ERROR - Failed to import: /opt/airflow/dags/news-dag.py
Traceback (most recent call last):
  File "/home/airflow/.local/lib/python3.11/site-packages/airflow/models/dagbag.py", line 344, in parse
    loader.exec_module(new_module)
  File "<frozen importlib._bootstrap_external>", line 940, in exec_module
  File "<frozen importlib._bootstrap>", line 241, in _call_with_frames_removed
  File "/opt/airflow/dags/news-dag.py", line 4, in <module>
    from plugins.scrapers.rss_scaper import RSSListScraper
ModuleNotFoundError: No module named 'plugins'
[2026-02-15T17:42:32.694+0000] {processor.py:842} WARNING - No viable dags retrieved from /opt/airflow/dags/news-dag.py
[2026-02-15T17:42:32.764+0000] {processor.py:183} INFO - Processing /opt/airflow/dags/news-dag.py took 0.114 seconds
[2026-02-15T17:43:02.953+0000] {processor.py:161} INFO - Started process (PID=234) to work on /opt/airflow/dags/news-dag.py
[2026-02-15T17:43:02.955+0000] {processor.py:830} INFO - Processing file /opt/airflow/dags/news-dag.py for tasks to queue
[2026-02-15T17:43:02.958+0000] {logging_mixin.py:188} INFO - [2026-02-15T17:43:02.957+0000] {dagbag.py:538} INFO - Filling up the DagBag from /opt/airflow/dags/news-dag.py
[2026-02-15T17:43:02.991+0000] {logging_mixin.py:188} INFO - [2026-02-15T17:43:02.984+0000] {dagbag.py:348} ERROR - Failed to import: /opt/airflow/dags/news-dag.py
Traceback (most recent call last):
  File "/home/airflow/.local/lib/python3.11/site-packages/airflow/models/dagbag.py", line 344, in parse
    loader.exec_module(new_module)
  File "<frozen importlib._bootstrap_external>", line 940, in exec_module
  File "<frozen importlib._bootstrap>", line 241, in _call_with_frames_removed
  File "/opt/airflow/dags/news-dag.py", line 4, in <module>
    from plugins.scrapers.rss_scaper import RSSListScraper
ModuleNotFoundError: No module named 'plugins'
[2026-02-15T17:43:02.993+0000] {processor.py:842} WARNING - No viable dags retrieved from /opt/airflow/dags/news-dag.py
[2026-02-15T17:43:03.030+0000] {processor.py:183} INFO - Processing /opt/airflow/dags/news-dag.py took 0.081 seconds
[2026-02-15T17:43:33.188+0000] {processor.py:161} INFO - Started process (PID=245) to work on /opt/airflow/dags/news-dag.py
[2026-02-15T17:43:33.190+0000] {processor.py:830} INFO - Processing file /opt/airflow/dags/news-dag.py for tasks to queue
[2026-02-15T17:43:33.191+0000] {logging_mixin.py:188} INFO - [2026-02-15T17:43:33.191+0000] {dagbag.py:538} INFO - Filling up the DagBag from /opt/airflow/dags/news-dag.py
[2026-02-15T17:43:33.225+0000] {logging_mixin.py:188} INFO - [2026-02-15T17:43:33.218+0000] {dagbag.py:348} ERROR - Failed to import: /opt/airflow/dags/news-dag.py
Traceback (most recent call last):
  File "/home/airflow/.local/lib/python3.11/site-packages/airflow/models/dagbag.py", line 344, in parse
    loader.exec_module(new_module)
  File "<frozen importlib._bootstrap_external>", line 940, in exec_module
  File "<frozen importlib._bootstrap>", line 241, in _call_with_frames_removed
  File "/opt/airflow/dags/news-dag.py", line 4, in <module>
    from plugins.scrapers.rss_scaper import RSSListScraper
ModuleNotFoundError: No module named 'plugins'
[2026-02-15T17:43:33.227+0000] {processor.py:842} WARNING - No viable dags retrieved from /opt/airflow/dags/news-dag.py
[2026-02-15T17:43:33.264+0000] {processor.py:183} INFO - Processing /opt/airflow/dags/news-dag.py took 0.080 seconds
[2026-02-15T17:44:03.554+0000] {processor.py:161} INFO - Started process (PID=256) to work on /opt/airflow/dags/news-dag.py
[2026-02-15T17:44:03.556+0000] {processor.py:830} INFO - Processing file /opt/airflow/dags/news-dag.py for tasks to queue
[2026-02-15T17:44:03.558+0000] {logging_mixin.py:188} INFO - [2026-02-15T17:44:03.558+0000] {dagbag.py:538} INFO - Filling up the DagBag from /opt/airflow/dags/news-dag.py
[2026-02-15T17:44:03.599+0000] {logging_mixin.py:188} INFO - [2026-02-15T17:44:03.590+0000] {dagbag.py:348} ERROR - Failed to import: /opt/airflow/dags/news-dag.py
Traceback (most recent call last):
  File "/home/airflow/.local/lib/python3.11/site-packages/airflow/models/dagbag.py", line 344, in parse
    loader.exec_module(new_module)
  File "<frozen importlib._bootstrap_external>", line 940, in exec_module
  File "<frozen importlib._bootstrap>", line 241, in _call_with_frames_removed
  File "/opt/airflow/dags/news-dag.py", line 4, in <module>
    from plugins.scrapers.rss_scaper import RSSListScraper
ModuleNotFoundError: No module named 'plugins'
[2026-02-15T17:44:03.602+0000] {processor.py:842} WARNING - No viable dags retrieved from /opt/airflow/dags/news-dag.py
[2026-02-15T17:44:03.656+0000] {processor.py:183} INFO - Processing /opt/airflow/dags/news-dag.py took 0.108 seconds
[2026-02-15T17:44:33.958+0000] {processor.py:161} INFO - Started process (PID=267) to work on /opt/airflow/dags/news-dag.py
[2026-02-15T17:44:33.960+0000] {processor.py:830} INFO - Processing file /opt/airflow/dags/news-dag.py for tasks to queue
[2026-02-15T17:44:33.963+0000] {logging_mixin.py:188} INFO - [2026-02-15T17:44:33.962+0000] {dagbag.py:538} INFO - Filling up the DagBag from /opt/airflow/dags/news-dag.py
[2026-02-15T17:44:34.013+0000] {logging_mixin.py:188} INFO - [2026-02-15T17:44:34.003+0000] {dagbag.py:348} ERROR - Failed to import: /opt/airflow/dags/news-dag.py
Traceback (most recent call last):
  File "/home/airflow/.local/lib/python3.11/site-packages/airflow/models/dagbag.py", line 344, in parse
    loader.exec_module(new_module)
  File "<frozen importlib._bootstrap_external>", line 940, in exec_module
  File "<frozen importlib._bootstrap>", line 241, in _call_with_frames_removed
  File "/opt/airflow/dags/news-dag.py", line 4, in <module>
    from plugins.scrapers.rss_scaper import RSSListScraper
ModuleNotFoundError: No module named 'plugins'
[2026-02-15T17:44:34.017+0000] {processor.py:842} WARNING - No viable dags retrieved from /opt/airflow/dags/news-dag.py
[2026-02-15T17:44:34.084+0000] {processor.py:183} INFO - Processing /opt/airflow/dags/news-dag.py took 0.132 seconds
[2026-02-15T17:45:04.200+0000] {processor.py:161} INFO - Started process (PID=278) to work on /opt/airflow/dags/news-dag.py
[2026-02-15T17:45:04.202+0000] {processor.py:830} INFO - Processing file /opt/airflow/dags/news-dag.py for tasks to queue
[2026-02-15T17:45:04.203+0000] {logging_mixin.py:188} INFO - [2026-02-15T17:45:04.203+0000] {dagbag.py:538} INFO - Filling up the DagBag from /opt/airflow/dags/news-dag.py
[2026-02-15T17:45:04.240+0000] {logging_mixin.py:188} INFO - [2026-02-15T17:45:04.233+0000] {dagbag.py:348} ERROR - Failed to import: /opt/airflow/dags/news-dag.py
Traceback (most recent call last):
  File "/home/airflow/.local/lib/python3.11/site-packages/airflow/models/dagbag.py", line 344, in parse
    loader.exec_module(new_module)
  File "<frozen importlib._bootstrap_external>", line 940, in exec_module
  File "<frozen importlib._bootstrap>", line 241, in _call_with_frames_removed
  File "/opt/airflow/dags/news-dag.py", line 4, in <module>
    from plugins.scrapers.rss_scaper import RSSListScraper
ModuleNotFoundError: No module named 'plugins'
[2026-02-15T17:45:04.242+0000] {processor.py:842} WARNING - No viable dags retrieved from /opt/airflow/dags/news-dag.py
[2026-02-15T17:45:04.282+0000] {processor.py:183} INFO - Processing /opt/airflow/dags/news-dag.py took 0.085 seconds
[2026-02-15T17:45:34.432+0000] {processor.py:161} INFO - Started process (PID=289) to work on /opt/airflow/dags/news-dag.py
[2026-02-15T17:45:34.433+0000] {processor.py:830} INFO - Processing file /opt/airflow/dags/news-dag.py for tasks to queue
[2026-02-15T17:45:34.435+0000] {logging_mixin.py:188} INFO - [2026-02-15T17:45:34.434+0000] {dagbag.py:538} INFO - Filling up the DagBag from /opt/airflow/dags/news-dag.py
[2026-02-15T17:45:34.464+0000] {logging_mixin.py:188} INFO - [2026-02-15T17:45:34.458+0000] {dagbag.py:348} ERROR - Failed to import: /opt/airflow/dags/news-dag.py
Traceback (most recent call last):
  File "/home/airflow/.local/lib/python3.11/site-packages/airflow/models/dagbag.py", line 344, in parse
    loader.exec_module(new_module)
  File "<frozen importlib._bootstrap_external>", line 940, in exec_module
  File "<frozen importlib._bootstrap>", line 241, in _call_with_frames_removed
  File "/opt/airflow/dags/news-dag.py", line 4, in <module>
    from plugins.scrapers.rss_scaper import RSSListScraper
ModuleNotFoundError: No module named 'plugins'
[2026-02-15T17:45:34.467+0000] {processor.py:842} WARNING - No viable dags retrieved from /opt/airflow/dags/news-dag.py
[2026-02-15T17:45:34.506+0000] {processor.py:183} INFO - Processing /opt/airflow/dags/news-dag.py took 0.078 seconds
[2026-02-15T17:46:04.768+0000] {processor.py:161} INFO - Started process (PID=300) to work on /opt/airflow/dags/news-dag.py
[2026-02-15T17:46:04.770+0000] {processor.py:830} INFO - Processing file /opt/airflow/dags/news-dag.py for tasks to queue
[2026-02-15T17:46:04.771+0000] {logging_mixin.py:188} INFO - [2026-02-15T17:46:04.771+0000] {dagbag.py:538} INFO - Filling up the DagBag from /opt/airflow/dags/news-dag.py
[2026-02-15T17:46:04.803+0000] {logging_mixin.py:188} INFO - [2026-02-15T17:46:04.797+0000] {dagbag.py:348} ERROR - Failed to import: /opt/airflow/dags/news-dag.py
Traceback (most recent call last):
  File "/home/airflow/.local/lib/python3.11/site-packages/airflow/models/dagbag.py", line 344, in parse
    loader.exec_module(new_module)
  File "<frozen importlib._bootstrap_external>", line 940, in exec_module
  File "<frozen importlib._bootstrap>", line 241, in _call_with_frames_removed
  File "/opt/airflow/dags/news-dag.py", line 4, in <module>
    from plugins.scrapers.rss_scaper import RSSListScraper
ModuleNotFoundError: No module named 'plugins'
[2026-02-15T17:46:04.805+0000] {processor.py:842} WARNING - No viable dags retrieved from /opt/airflow/dags/news-dag.py
[2026-02-15T17:46:04.845+0000] {processor.py:183} INFO - Processing /opt/airflow/dags/news-dag.py took 0.081 seconds
[2026-02-15T17:46:29.057+0000] {processor.py:161} INFO - Started process (PID=305) to work on /opt/airflow/dags/news-dag.py
[2026-02-15T17:46:29.061+0000] {processor.py:830} INFO - Processing file /opt/airflow/dags/news-dag.py for tasks to queue
[2026-02-15T17:46:29.064+0000] {logging_mixin.py:188} INFO - [2026-02-15T17:46:29.063+0000] {dagbag.py:538} INFO - Filling up the DagBag from /opt/airflow/dags/news-dag.py
[2026-02-15T17:46:29.139+0000] {logging_mixin.py:188} INFO - [2026-02-15T17:46:29.122+0000] {dagbag.py:348} ERROR - Failed to import: /opt/airflow/dags/news-dag.py
Traceback (most recent call last):
  File "/home/airflow/.local/lib/python3.11/site-packages/airflow/models/dagbag.py", line 344, in parse
    loader.exec_module(new_module)
  File "<frozen importlib._bootstrap_external>", line 940, in exec_module
  File "<frozen importlib._bootstrap>", line 241, in _call_with_frames_removed
  File "/opt/airflow/dags/news-dag.py", line 12, in <module>
    from rss_scraper import RSSListScraper
ModuleNotFoundError: No module named 'rss_scraper'
[2026-02-15T17:46:29.142+0000] {processor.py:842} WARNING - No viable dags retrieved from /opt/airflow/dags/news-dag.py
[2026-02-15T17:46:29.228+0000] {processor.py:183} INFO - Processing /opt/airflow/dags/news-dag.py took 0.182 seconds
[2026-02-15T17:46:39.892+0000] {processor.py:161} INFO - Started process (PID=316) to work on /opt/airflow/dags/news-dag.py
[2026-02-15T17:46:39.897+0000] {processor.py:830} INFO - Processing file /opt/airflow/dags/news-dag.py for tasks to queue
[2026-02-15T17:46:39.902+0000] {logging_mixin.py:188} INFO - [2026-02-15T17:46:39.900+0000] {dagbag.py:538} INFO - Filling up the DagBag from /opt/airflow/dags/news-dag.py
[2026-02-15T17:46:40.025+0000] {logging_mixin.py:188} INFO - [2026-02-15T17:46:40.016+0000] {dagbag.py:348} ERROR - Failed to import: /opt/airflow/dags/news-dag.py
Traceback (most recent call last):
  File "/home/airflow/.local/lib/python3.11/site-packages/airflow/models/dagbag.py", line 344, in parse
    loader.exec_module(new_module)
  File "<frozen importlib._bootstrap_external>", line 940, in exec_module
  File "<frozen importlib._bootstrap>", line 241, in _call_with_frames_removed
  File "/opt/airflow/dags/news-dag.py", line 14, in <module>
    from task_storage_manager import (
ModuleNotFoundError: No module named 'task_storage_manager'
[2026-02-15T17:46:40.028+0000] {processor.py:842} WARNING - No viable dags retrieved from /opt/airflow/dags/news-dag.py
[2026-02-15T17:46:40.102+0000] {processor.py:183} INFO - Processing /opt/airflow/dags/news-dag.py took 0.220 seconds
[2026-02-15T17:46:54.932+0000] {processor.py:161} INFO - Started process (PID=321) to work on /opt/airflow/dags/news-dag.py
[2026-02-15T17:46:54.933+0000] {processor.py:830} INFO - Processing file /opt/airflow/dags/news-dag.py for tasks to queue
[2026-02-15T17:46:54.935+0000] {logging_mixin.py:188} INFO - [2026-02-15T17:46:54.934+0000] {dagbag.py:538} INFO - Filling up the DagBag from /opt/airflow/dags/news-dag.py
[2026-02-15T17:46:55.206+0000] {processor.py:840} INFO - DAG(s) 'vnexpress_etl_taskflow' retrieved from /opt/airflow/dags/news-dag.py
[2026-02-15T17:46:56.032+0000] {logging_mixin.py:188} INFO - [2026-02-15T17:46:56.031+0000] {override.py:1769} INFO - Created Permission View: can delete on DAG:vnexpress_etl_taskflow
[2026-02-15T17:46:56.045+0000] {logging_mixin.py:188} INFO - [2026-02-15T17:46:56.045+0000] {override.py:1769} INFO - Created Permission View: can edit on DAG:vnexpress_etl_taskflow
[2026-02-15T17:46:56.053+0000] {logging_mixin.py:188} INFO - [2026-02-15T17:46:56.053+0000] {override.py:1769} INFO - Created Permission View: can read on DAG:vnexpress_etl_taskflow
[2026-02-15T17:46:56.054+0000] {logging_mixin.py:188} INFO - [2026-02-15T17:46:56.054+0000] {dag.py:3036} INFO - Sync 1 DAGs
[2026-02-15T17:46:56.072+0000] {logging_mixin.py:188} INFO - [2026-02-15T17:46:56.071+0000] {dag.py:3058} INFO - Creating ORM DAG for vnexpress_etl_taskflow
[2026-02-15T17:46:56.089+0000] {logging_mixin.py:188} INFO - [2026-02-15T17:46:56.088+0000] {dag.py:3823} INFO - Setting next_dagrun for vnexpress_etl_taskflow to 2026-02-14 06:00:00+00:00, run_after=2026-02-15 06:00:00+00:00
[2026-02-15T17:46:56.120+0000] {processor.py:183} INFO - Processing /opt/airflow/dags/news-dag.py took 1.194 seconds
[2026-02-15T17:47:11.590+0000] {processor.py:161} INFO - Started process (PID=332) to work on /opt/airflow/dags/news-dag.py
[2026-02-15T17:47:11.592+0000] {processor.py:830} INFO - Processing file /opt/airflow/dags/news-dag.py for tasks to queue
[2026-02-15T17:47:11.595+0000] {logging_mixin.py:188} INFO - [2026-02-15T17:47:11.594+0000] {dagbag.py:538} INFO - Filling up the DagBag from /opt/airflow/dags/news-dag.py
[2026-02-15T17:47:11.719+0000] {processor.py:840} INFO - DAG(s) 'vnexpress_etl_taskflow' retrieved from /opt/airflow/dags/news-dag.py
[2026-02-15T17:47:11.771+0000] {logging_mixin.py:188} INFO - [2026-02-15T17:47:11.770+0000] {dag.py:3036} INFO - Sync 1 DAGs
[2026-02-15T17:47:11.841+0000] {logging_mixin.py:188} INFO - [2026-02-15T17:47:11.840+0000] {dag.py:3823} INFO - Setting next_dagrun for vnexpress_etl_taskflow to 2026-02-14 06:00:00+00:00, run_after=2026-02-15 06:00:00+00:00
[2026-02-15T17:47:12.159+0000] {processor.py:183} INFO - Processing /opt/airflow/dags/news-dag.py took 0.574 seconds
[2026-02-15T17:47:42.720+0000] {processor.py:161} INFO - Started process (PID=343) to work on /opt/airflow/dags/news-dag.py
[2026-02-15T17:47:42.723+0000] {processor.py:830} INFO - Processing file /opt/airflow/dags/news-dag.py for tasks to queue
[2026-02-15T17:47:42.726+0000] {logging_mixin.py:188} INFO - [2026-02-15T17:47:42.726+0000] {dagbag.py:538} INFO - Filling up the DagBag from /opt/airflow/dags/news-dag.py
[2026-02-15T17:47:42.884+0000] {processor.py:840} INFO - DAG(s) 'vnexpress_etl_taskflow' retrieved from /opt/airflow/dags/news-dag.py
[2026-02-15T17:47:42.955+0000] {logging_mixin.py:188} INFO - [2026-02-15T17:47:42.954+0000] {dag.py:3036} INFO - Sync 1 DAGs
[2026-02-15T17:47:43.005+0000] {logging_mixin.py:188} INFO - [2026-02-15T17:47:43.005+0000] {dag.py:3823} INFO - Setting next_dagrun for vnexpress_etl_taskflow to 2026-02-14 06:00:00+00:00, run_after=2026-02-15 06:00:00+00:00
[2026-02-15T17:47:43.033+0000] {processor.py:183} INFO - Processing /opt/airflow/dags/news-dag.py took 0.320 seconds
[2026-02-15T17:48:13.336+0000] {processor.py:161} INFO - Started process (PID=354) to work on /opt/airflow/dags/news-dag.py
[2026-02-15T17:48:13.338+0000] {processor.py:830} INFO - Processing file /opt/airflow/dags/news-dag.py for tasks to queue
[2026-02-15T17:48:13.341+0000] {logging_mixin.py:188} INFO - [2026-02-15T17:48:13.340+0000] {dagbag.py:538} INFO - Filling up the DagBag from /opt/airflow/dags/news-dag.py
[2026-02-15T17:48:13.451+0000] {processor.py:840} INFO - DAG(s) 'vnexpress_etl_taskflow' retrieved from /opt/airflow/dags/news-dag.py
[2026-02-15T17:48:13.517+0000] {logging_mixin.py:188} INFO - [2026-02-15T17:48:13.516+0000] {dag.py:3036} INFO - Sync 1 DAGs
[2026-02-15T17:48:13.563+0000] {logging_mixin.py:188} INFO - [2026-02-15T17:48:13.562+0000] {dag.py:3823} INFO - Setting next_dagrun for vnexpress_etl_taskflow to 2026-02-14 06:00:00+00:00, run_after=2026-02-15 06:00:00+00:00
[2026-02-15T17:48:13.598+0000] {processor.py:183} INFO - Processing /opt/airflow/dags/news-dag.py took 0.268 seconds
[2026-02-15T17:48:43.870+0000] {processor.py:161} INFO - Started process (PID=365) to work on /opt/airflow/dags/news-dag.py
[2026-02-15T17:48:43.872+0000] {processor.py:830} INFO - Processing file /opt/airflow/dags/news-dag.py for tasks to queue
[2026-02-15T17:48:43.873+0000] {logging_mixin.py:188} INFO - [2026-02-15T17:48:43.873+0000] {dagbag.py:538} INFO - Filling up the DagBag from /opt/airflow/dags/news-dag.py
[2026-02-15T17:48:43.973+0000] {processor.py:840} INFO - DAG(s) 'vnexpress_etl_taskflow' retrieved from /opt/airflow/dags/news-dag.py
[2026-02-15T17:48:44.037+0000] {logging_mixin.py:188} INFO - [2026-02-15T17:48:44.037+0000] {dag.py:3036} INFO - Sync 1 DAGs
[2026-02-15T17:48:44.082+0000] {logging_mixin.py:188} INFO - [2026-02-15T17:48:44.082+0000] {dag.py:3823} INFO - Setting next_dagrun for vnexpress_etl_taskflow to 2026-02-14 06:00:00+00:00, run_after=2026-02-15 06:00:00+00:00
[2026-02-15T17:48:44.121+0000] {processor.py:183} INFO - Processing /opt/airflow/dags/news-dag.py took 0.255 seconds
[2026-02-15T17:49:14.384+0000] {processor.py:161} INFO - Started process (PID=376) to work on /opt/airflow/dags/news-dag.py
[2026-02-15T17:49:14.385+0000] {processor.py:830} INFO - Processing file /opt/airflow/dags/news-dag.py for tasks to queue
[2026-02-15T17:49:14.387+0000] {logging_mixin.py:188} INFO - [2026-02-15T17:49:14.386+0000] {dagbag.py:538} INFO - Filling up the DagBag from /opt/airflow/dags/news-dag.py
[2026-02-15T17:49:14.491+0000] {processor.py:840} INFO - DAG(s) 'vnexpress_etl_taskflow' retrieved from /opt/airflow/dags/news-dag.py
[2026-02-15T17:49:14.548+0000] {logging_mixin.py:188} INFO - [2026-02-15T17:49:14.547+0000] {dag.py:3036} INFO - Sync 1 DAGs
[2026-02-15T17:49:14.883+0000] {logging_mixin.py:188} INFO - [2026-02-15T17:49:14.882+0000] {dag.py:3823} INFO - Setting next_dagrun for vnexpress_etl_taskflow to 2026-02-14 06:00:00+00:00, run_after=2026-02-15 06:00:00+00:00
[2026-02-15T17:49:14.915+0000] {processor.py:183} INFO - Processing /opt/airflow/dags/news-dag.py took 0.537 seconds
[2026-02-15T17:49:45.214+0000] {processor.py:161} INFO - Started process (PID=387) to work on /opt/airflow/dags/news-dag.py
[2026-02-15T17:49:45.216+0000] {processor.py:830} INFO - Processing file /opt/airflow/dags/news-dag.py for tasks to queue
[2026-02-15T17:49:45.218+0000] {logging_mixin.py:188} INFO - [2026-02-15T17:49:45.217+0000] {dagbag.py:538} INFO - Filling up the DagBag from /opt/airflow/dags/news-dag.py
[2026-02-15T17:49:45.348+0000] {processor.py:840} INFO - DAG(s) 'vnexpress_etl_taskflow' retrieved from /opt/airflow/dags/news-dag.py
[2026-02-15T17:49:45.395+0000] {logging_mixin.py:188} INFO - [2026-02-15T17:49:45.395+0000] {dag.py:3036} INFO - Sync 1 DAGs
[2026-02-15T17:49:45.435+0000] {logging_mixin.py:188} INFO - [2026-02-15T17:49:45.435+0000] {dag.py:3823} INFO - Setting next_dagrun for vnexpress_etl_taskflow to 2026-02-14 06:00:00+00:00, run_after=2026-02-15 06:00:00+00:00
[2026-02-15T17:49:45.500+0000] {processor.py:183} INFO - Processing /opt/airflow/dags/news-dag.py took 0.292 seconds
[2026-02-15T17:50:15.801+0000] {processor.py:161} INFO - Started process (PID=398) to work on /opt/airflow/dags/news-dag.py
[2026-02-15T17:50:15.804+0000] {processor.py:830} INFO - Processing file /opt/airflow/dags/news-dag.py for tasks to queue
[2026-02-15T17:50:15.805+0000] {logging_mixin.py:188} INFO - [2026-02-15T17:50:15.805+0000] {dagbag.py:538} INFO - Filling up the DagBag from /opt/airflow/dags/news-dag.py
[2026-02-15T17:50:15.941+0000] {processor.py:840} INFO - DAG(s) 'vnexpress_etl_taskflow' retrieved from /opt/airflow/dags/news-dag.py
[2026-02-15T17:50:15.992+0000] {logging_mixin.py:188} INFO - [2026-02-15T17:50:15.991+0000] {dag.py:3036} INFO - Sync 1 DAGs
[2026-02-15T17:50:16.033+0000] {logging_mixin.py:188} INFO - [2026-02-15T17:50:16.033+0000] {dag.py:3823} INFO - Setting next_dagrun for vnexpress_etl_taskflow to 2026-02-14 06:00:00+00:00, run_after=2026-02-15 06:00:00+00:00
[2026-02-15T17:50:16.063+0000] {processor.py:183} INFO - Processing /opt/airflow/dags/news-dag.py took 0.267 seconds
[2026-02-15T17:50:46.329+0000] {processor.py:161} INFO - Started process (PID=409) to work on /opt/airflow/dags/news-dag.py
[2026-02-15T17:50:46.331+0000] {processor.py:830} INFO - Processing file /opt/airflow/dags/news-dag.py for tasks to queue
[2026-02-15T17:50:46.333+0000] {logging_mixin.py:188} INFO - [2026-02-15T17:50:46.332+0000] {dagbag.py:538} INFO - Filling up the DagBag from /opt/airflow/dags/news-dag.py
[2026-02-15T17:50:46.481+0000] {processor.py:840} INFO - DAG(s) 'vnexpress_etl_taskflow' retrieved from /opt/airflow/dags/news-dag.py
[2026-02-15T17:50:46.531+0000] {logging_mixin.py:188} INFO - [2026-02-15T17:50:46.531+0000] {dag.py:3036} INFO - Sync 1 DAGs
[2026-02-15T17:50:46.580+0000] {logging_mixin.py:188} INFO - [2026-02-15T17:50:46.580+0000] {dag.py:3823} INFO - Setting next_dagrun for vnexpress_etl_taskflow to 2026-02-14 06:00:00+00:00, run_after=2026-02-15 06:00:00+00:00
[2026-02-15T17:50:46.647+0000] {processor.py:183} INFO - Processing /opt/airflow/dags/news-dag.py took 0.324 seconds
[2026-02-15T17:51:16.967+0000] {processor.py:161} INFO - Started process (PID=420) to work on /opt/airflow/dags/news-dag.py
[2026-02-15T17:51:16.969+0000] {processor.py:830} INFO - Processing file /opt/airflow/dags/news-dag.py for tasks to queue
[2026-02-15T17:51:16.971+0000] {logging_mixin.py:188} INFO - [2026-02-15T17:51:16.970+0000] {dagbag.py:538} INFO - Filling up the DagBag from /opt/airflow/dags/news-dag.py
[2026-02-15T17:51:17.074+0000] {processor.py:840} INFO - DAG(s) 'vnexpress_etl_taskflow' retrieved from /opt/airflow/dags/news-dag.py
[2026-02-15T17:51:17.153+0000] {logging_mixin.py:188} INFO - [2026-02-15T17:51:17.153+0000] {dag.py:3036} INFO - Sync 1 DAGs
[2026-02-15T17:51:17.478+0000] {logging_mixin.py:188} INFO - [2026-02-15T17:51:17.477+0000] {dag.py:3823} INFO - Setting next_dagrun for vnexpress_etl_taskflow to 2026-02-14 06:00:00+00:00, run_after=2026-02-15 06:00:00+00:00
[2026-02-15T17:51:17.536+0000] {processor.py:183} INFO - Processing /opt/airflow/dags/news-dag.py took 0.574 seconds
[2026-02-15T17:51:47.772+0000] {processor.py:161} INFO - Started process (PID=431) to work on /opt/airflow/dags/news-dag.py
[2026-02-15T17:51:47.773+0000] {processor.py:830} INFO - Processing file /opt/airflow/dags/news-dag.py for tasks to queue
[2026-02-15T17:51:47.775+0000] {logging_mixin.py:188} INFO - [2026-02-15T17:51:47.775+0000] {dagbag.py:538} INFO - Filling up the DagBag from /opt/airflow/dags/news-dag.py
[2026-02-15T17:51:47.895+0000] {processor.py:840} INFO - DAG(s) 'vnexpress_etl_taskflow' retrieved from /opt/airflow/dags/news-dag.py
[2026-02-15T17:51:47.945+0000] {logging_mixin.py:188} INFO - [2026-02-15T17:51:47.944+0000] {dag.py:3036} INFO - Sync 1 DAGs
[2026-02-15T17:51:47.988+0000] {logging_mixin.py:188} INFO - [2026-02-15T17:51:47.988+0000] {dag.py:3823} INFO - Setting next_dagrun for vnexpress_etl_taskflow to 2026-02-14 06:00:00+00:00, run_after=2026-02-15 06:00:00+00:00
[2026-02-15T17:51:48.022+0000] {processor.py:183} INFO - Processing /opt/airflow/dags/news-dag.py took 0.255 seconds
[2026-02-15T17:52:18.277+0000] {processor.py:161} INFO - Started process (PID=442) to work on /opt/airflow/dags/news-dag.py
[2026-02-15T17:52:18.279+0000] {processor.py:830} INFO - Processing file /opt/airflow/dags/news-dag.py for tasks to queue
[2026-02-15T17:52:18.281+0000] {logging_mixin.py:188} INFO - [2026-02-15T17:52:18.280+0000] {dagbag.py:538} INFO - Filling up the DagBag from /opt/airflow/dags/news-dag.py
[2026-02-15T17:52:18.374+0000] {processor.py:840} INFO - DAG(s) 'vnexpress_etl_taskflow' retrieved from /opt/airflow/dags/news-dag.py
[2026-02-15T17:52:18.423+0000] {logging_mixin.py:188} INFO - [2026-02-15T17:52:18.422+0000] {dag.py:3036} INFO - Sync 1 DAGs
[2026-02-15T17:52:18.459+0000] {logging_mixin.py:188} INFO - [2026-02-15T17:52:18.458+0000] {dag.py:3823} INFO - Setting next_dagrun for vnexpress_etl_taskflow to 2026-02-14 06:00:00+00:00, run_after=2026-02-15 06:00:00+00:00
[2026-02-15T17:52:18.489+0000] {processor.py:183} INFO - Processing /opt/airflow/dags/news-dag.py took 0.216 seconds
[2026-02-15T17:52:48.741+0000] {processor.py:161} INFO - Started process (PID=453) to work on /opt/airflow/dags/news-dag.py
[2026-02-15T17:52:48.742+0000] {processor.py:830} INFO - Processing file /opt/airflow/dags/news-dag.py for tasks to queue
[2026-02-15T17:52:48.744+0000] {logging_mixin.py:188} INFO - [2026-02-15T17:52:48.743+0000] {dagbag.py:538} INFO - Filling up the DagBag from /opt/airflow/dags/news-dag.py
[2026-02-15T17:52:48.842+0000] {processor.py:840} INFO - DAG(s) 'vnexpress_etl_taskflow' retrieved from /opt/airflow/dags/news-dag.py
[2026-02-15T17:52:48.893+0000] {logging_mixin.py:188} INFO - [2026-02-15T17:52:48.893+0000] {dag.py:3036} INFO - Sync 1 DAGs
[2026-02-15T17:52:48.937+0000] {logging_mixin.py:188} INFO - [2026-02-15T17:52:48.936+0000] {dag.py:3823} INFO - Setting next_dagrun for vnexpress_etl_taskflow to 2026-02-14 06:00:00+00:00, run_after=2026-02-15 06:00:00+00:00
[2026-02-15T17:52:49.001+0000] {processor.py:183} INFO - Processing /opt/airflow/dags/news-dag.py took 0.266 seconds
[2026-02-15T17:53:19.361+0000] {processor.py:161} INFO - Started process (PID=464) to work on /opt/airflow/dags/news-dag.py
[2026-02-15T17:53:19.363+0000] {processor.py:830} INFO - Processing file /opt/airflow/dags/news-dag.py for tasks to queue
[2026-02-15T17:53:19.365+0000] {logging_mixin.py:188} INFO - [2026-02-15T17:53:19.364+0000] {dagbag.py:538} INFO - Filling up the DagBag from /opt/airflow/dags/news-dag.py
[2026-02-15T17:53:19.476+0000] {processor.py:840} INFO - DAG(s) 'vnexpress_etl_taskflow' retrieved from /opt/airflow/dags/news-dag.py
[2026-02-15T17:53:19.574+0000] {logging_mixin.py:188} INFO - [2026-02-15T17:53:19.573+0000] {dag.py:3036} INFO - Sync 1 DAGs
[2026-02-15T17:53:19.869+0000] {logging_mixin.py:188} INFO - [2026-02-15T17:53:19.869+0000] {dag.py:3823} INFO - Setting next_dagrun for vnexpress_etl_taskflow to 2026-02-14 06:00:00+00:00, run_after=2026-02-15 06:00:00+00:00
[2026-02-15T17:53:19.927+0000] {processor.py:183} INFO - Processing /opt/airflow/dags/news-dag.py took 0.570 seconds
[2026-02-15T17:53:50.172+0000] {processor.py:161} INFO - Started process (PID=475) to work on /opt/airflow/dags/news-dag.py
[2026-02-15T17:53:50.174+0000] {processor.py:830} INFO - Processing file /opt/airflow/dags/news-dag.py for tasks to queue
[2026-02-15T17:53:50.177+0000] {logging_mixin.py:188} INFO - [2026-02-15T17:53:50.176+0000] {dagbag.py:538} INFO - Filling up the DagBag from /opt/airflow/dags/news-dag.py
[2026-02-15T17:53:50.283+0000] {processor.py:840} INFO - DAG(s) 'vnexpress_etl_taskflow' retrieved from /opt/airflow/dags/news-dag.py
[2026-02-15T17:53:50.343+0000] {logging_mixin.py:188} INFO - [2026-02-15T17:53:50.342+0000] {dag.py:3036} INFO - Sync 1 DAGs
[2026-02-15T17:53:50.386+0000] {logging_mixin.py:188} INFO - [2026-02-15T17:53:50.386+0000] {dag.py:3823} INFO - Setting next_dagrun for vnexpress_etl_taskflow to 2026-02-14 06:00:00+00:00, run_after=2026-02-15 06:00:00+00:00
[2026-02-15T17:53:50.449+0000] {processor.py:183} INFO - Processing /opt/airflow/dags/news-dag.py took 0.281 seconds
[2026-02-15T17:54:20.718+0000] {processor.py:161} INFO - Started process (PID=486) to work on /opt/airflow/dags/news-dag.py
[2026-02-15T17:54:20.720+0000] {processor.py:830} INFO - Processing file /opt/airflow/dags/news-dag.py for tasks to queue
[2026-02-15T17:54:20.722+0000] {logging_mixin.py:188} INFO - [2026-02-15T17:54:20.721+0000] {dagbag.py:538} INFO - Filling up the DagBag from /opt/airflow/dags/news-dag.py
[2026-02-15T17:54:20.849+0000] {processor.py:840} INFO - DAG(s) 'vnexpress_etl_taskflow' retrieved from /opt/airflow/dags/news-dag.py
[2026-02-15T17:54:20.901+0000] {logging_mixin.py:188} INFO - [2026-02-15T17:54:20.901+0000] {dag.py:3036} INFO - Sync 1 DAGs
[2026-02-15T17:54:20.943+0000] {logging_mixin.py:188} INFO - [2026-02-15T17:54:20.943+0000] {dag.py:3823} INFO - Setting next_dagrun for vnexpress_etl_taskflow to 2026-02-14 06:00:00+00:00, run_after=2026-02-15 06:00:00+00:00
[2026-02-15T17:54:20.976+0000] {processor.py:183} INFO - Processing /opt/airflow/dags/news-dag.py took 0.263 seconds
[2026-02-15T17:54:51.241+0000] {processor.py:161} INFO - Started process (PID=497) to work on /opt/airflow/dags/news-dag.py
[2026-02-15T17:54:51.243+0000] {processor.py:830} INFO - Processing file /opt/airflow/dags/news-dag.py for tasks to queue
[2026-02-15T17:54:51.245+0000] {logging_mixin.py:188} INFO - [2026-02-15T17:54:51.244+0000] {dagbag.py:538} INFO - Filling up the DagBag from /opt/airflow/dags/news-dag.py
[2026-02-15T17:54:51.348+0000] {processor.py:840} INFO - DAG(s) 'vnexpress_etl_taskflow' retrieved from /opt/airflow/dags/news-dag.py
[2026-02-15T17:54:51.404+0000] {logging_mixin.py:188} INFO - [2026-02-15T17:54:51.402+0000] {dag.py:3036} INFO - Sync 1 DAGs
[2026-02-15T17:54:51.447+0000] {logging_mixin.py:188} INFO - [2026-02-15T17:54:51.447+0000] {dag.py:3823} INFO - Setting next_dagrun for vnexpress_etl_taskflow to 2026-02-14 06:00:00+00:00, run_after=2026-02-15 06:00:00+00:00
[2026-02-15T17:54:51.515+0000] {processor.py:183} INFO - Processing /opt/airflow/dags/news-dag.py took 0.279 seconds
[2026-02-15T17:55:21.777+0000] {processor.py:161} INFO - Started process (PID=508) to work on /opt/airflow/dags/news-dag.py
[2026-02-15T17:55:21.782+0000] {processor.py:830} INFO - Processing file /opt/airflow/dags/news-dag.py for tasks to queue
[2026-02-15T17:55:21.784+0000] {logging_mixin.py:188} INFO - [2026-02-15T17:55:21.783+0000] {dagbag.py:538} INFO - Filling up the DagBag from /opt/airflow/dags/news-dag.py
[2026-02-15T17:55:21.919+0000] {processor.py:840} INFO - DAG(s) 'vnexpress_etl_taskflow' retrieved from /opt/airflow/dags/news-dag.py
[2026-02-15T17:55:21.995+0000] {logging_mixin.py:188} INFO - [2026-02-15T17:55:21.995+0000] {dag.py:3036} INFO - Sync 1 DAGs
[2026-02-15T17:55:22.340+0000] {logging_mixin.py:188} INFO - [2026-02-15T17:55:22.339+0000] {dag.py:3823} INFO - Setting next_dagrun for vnexpress_etl_taskflow to 2026-02-14 06:00:00+00:00, run_after=2026-02-15 06:00:00+00:00
[2026-02-15T17:55:22.379+0000] {processor.py:183} INFO - Processing /opt/airflow/dags/news-dag.py took 0.618 seconds
