[2026-02-16T15:33:04.398+0000] {taskinstance.py:1956} INFO - Dependencies all met for dep_context=non-requeueable deps ti=<TaskInstance: vnexpress_etl_taskflow.scrape_rss_list manual__2026-02-16T15:33:01.716629+00:00 [queued]>
[2026-02-16T15:33:04.409+0000] {taskinstance.py:1956} INFO - Dependencies all met for dep_context=requeueable deps ti=<TaskInstance: vnexpress_etl_taskflow.scrape_rss_list manual__2026-02-16T15:33:01.716629+00:00 [queued]>
[2026-02-16T15:33:04.410+0000] {taskinstance.py:2170} INFO - Starting attempt 1 of 3
[2026-02-16T15:33:04.424+0000] {taskinstance.py:2191} INFO - Executing <Task(_PythonDecoratedOperator): scrape_rss_list> on 2026-02-16 15:33:01.716629+00:00
[2026-02-16T15:33:04.431+0000] {standard_task_runner.py:60} INFO - Started process 1684 to run task
[2026-02-16T15:33:04.434+0000] {standard_task_runner.py:87} INFO - Running: ['***', 'tasks', 'run', 'vnexpress_etl_taskflow', 'scrape_rss_list', 'manual__2026-02-16T15:33:01.716629+00:00', '--job-id', '46', '--raw', '--subdir', 'DAGS_FOLDER/news-dag.py', '--cfg-path', '/tmp/tmpuzui_o15']
[2026-02-16T15:33:04.437+0000] {standard_task_runner.py:88} INFO - Job 46: Subtask scrape_rss_list
[2026-02-16T15:33:04.519+0000] {task_command.py:423} INFO - Running <TaskInstance: vnexpress_etl_taskflow.scrape_rss_list manual__2026-02-16T15:33:01.716629+00:00 [running]> on host 773208116fb2
[2026-02-16T15:33:04.629+0000] {taskinstance.py:2480} INFO - Exporting env vars: AIRFLOW_CTX_DAG_OWNER='data_team' AIRFLOW_CTX_DAG_ID='vnexpress_etl_taskflow' AIRFLOW_CTX_TASK_ID='scrape_rss_list' AIRFLOW_CTX_EXECUTION_DATE='2026-02-16T15:33:01.716629+00:00' AIRFLOW_CTX_TRY_NUMBER='1' AIRFLOW_CTX_DAG_RUN_ID='manual__2026-02-16T15:33:01.716629+00:00'
[2026-02-16T15:33:04.631+0000] {news-dag.py:95} INFO - ================================================================================
[2026-02-16T15:33:04.631+0000] {news-dag.py:96} INFO - TASK 1: Scraping RSS List
[2026-02-16T15:33:04.632+0000] {news-dag.py:97} INFO - ================================================================================
[2026-02-16T15:33:04.632+0000] {rss_scaper.py:130} INFO - Starting RSS list scraping...
[2026-02-16T15:33:04.633+0000] {rss_scaper.py:51} INFO - Fetching RSS page (attempt 1/3)...
[2026-02-16T15:33:04.996+0000] {_client.py:1025} INFO - HTTP Request: GET https://vnexpress.net/rss "HTTP/1.1 200 OK"
[2026-02-16T15:33:05.014+0000] {rss_scaper.py:61} INFO - Successfully fetched RSS page (status: 200)
[2026-02-16T15:33:05.026+0000] {rss_scaper.py:116} INFO - Successfully parsed 19 RSS feeds
[2026-02-16T15:33:05.027+0000] {rss_scaper.py:141} INFO - Scraping completed. Found 19 RSS feeds
[2026-02-16T15:33:05.028+0000] {news-dag.py:110} INFO - ✅ Scraped 19 RSS feeds
[2026-02-16T15:33:05.029+0000] {short_memory_manager.py:73} INFO - FileStorage initialized at /tmp/***_task_storage
[2026-02-16T15:33:05.029+0000] {short_memory_manager.py:451} INFO - TaskStorageManager initialized with file backend
[2026-02-16T15:33:05.037+0000] {short_memory_manager.py:173} INFO - ✅ Saved scrape_rss_list (parquet, 2773 bytes) to /tmp/***_task_storage/2026-02-16/scrape_rss_list/data.parquet
[2026-02-16T15:33:05.038+0000] {news-dag.py:115} INFO - 💾 Saved to storage: /tmp/***_task_storage/2026-02-16/scrape_rss_list/data.parquet
[2026-02-16T15:33:05.038+0000] {news-dag.py:119} INFO -   - Trang chủ : https://vnexpress.net/rss/tin-moi-nhat.rss
[2026-02-16T15:33:05.039+0000] {news-dag.py:119} INFO -   - Thế giới : https://vnexpress.net/rss/the-gioi.rss
[2026-02-16T15:33:05.040+0000] {news-dag.py:119} INFO -   - Thời sự : https://vnexpress.net/rss/thoi-su.rss
[2026-02-16T15:33:05.041+0000] {python.py:201} INFO - Done. Returned value was: {'task_id': 'scrape_rss_list', 'run_id': '2026-02-16', 'count': 19, 'storage_path': '/tmp/***_task_storage/2026-02-16/scrape_rss_list/data.parquet'}
[2026-02-16T15:33:05.151+0000] {taskinstance.py:1138} INFO - Marking task as SUCCESS. dag_id=vnexpress_etl_taskflow, task_id=scrape_rss_list, execution_date=20260216T153301, start_date=20260216T153304, end_date=20260216T153305
[2026-02-16T15:33:05.209+0000] {local_task_job_runner.py:234} INFO - Task exited with return code 0
[2026-02-16T15:33:05.245+0000] {taskinstance.py:3280} INFO - 1 downstream tasks scheduled from follow-on schedule check
