[2026-02-16T15:23:05.511+0000] {taskinstance.py:1956} INFO - Dependencies all met for dep_context=non-requeueable deps ti=<TaskInstance: vnexpress_etl_taskflow.extract_rss_urls manual__2026-02-16T15:22:59.498998+00:00 [queued]>
[2026-02-16T15:23:05.523+0000] {taskinstance.py:1956} INFO - Dependencies all met for dep_context=requeueable deps ti=<TaskInstance: vnexpress_etl_taskflow.extract_rss_urls manual__2026-02-16T15:22:59.498998+00:00 [queued]>
[2026-02-16T15:23:05.524+0000] {taskinstance.py:2170} INFO - Starting attempt 1 of 3
[2026-02-16T15:23:05.538+0000] {taskinstance.py:2191} INFO - Executing <Task(_PythonDecoratedOperator): extract_rss_urls> on 2026-02-16 15:22:59.498998+00:00
[2026-02-16T15:23:05.544+0000] {standard_task_runner.py:60} INFO - Started process 1424 to run task
[2026-02-16T15:23:05.547+0000] {standard_task_runner.py:87} INFO - Running: ['***', 'tasks', 'run', 'vnexpress_etl_taskflow', 'extract_rss_urls', 'manual__2026-02-16T15:22:59.498998+00:00', '--job-id', '37', '--raw', '--subdir', 'DAGS_FOLDER/news-dag.py', '--cfg-path', '/tmp/tmprpkparl3']
[2026-02-16T15:23:05.551+0000] {standard_task_runner.py:88} INFO - Job 37: Subtask extract_rss_urls
[2026-02-16T15:23:05.636+0000] {task_command.py:423} INFO - Running <TaskInstance: vnexpress_etl_taskflow.extract_rss_urls manual__2026-02-16T15:22:59.498998+00:00 [running]> on host 773208116fb2
[2026-02-16T15:23:05.784+0000] {taskinstance.py:2480} INFO - Exporting env vars: AIRFLOW_CTX_DAG_OWNER='data_team' AIRFLOW_CTX_DAG_ID='vnexpress_etl_taskflow' AIRFLOW_CTX_TASK_ID='extract_rss_urls' AIRFLOW_CTX_EXECUTION_DATE='2026-02-16T15:22:59.498998+00:00' AIRFLOW_CTX_TRY_NUMBER='1' AIRFLOW_CTX_DAG_RUN_ID='manual__2026-02-16T15:22:59.498998+00:00'
[2026-02-16T15:23:05.785+0000] {news-dag.py:264} INFO - ================================================================================
[2026-02-16T15:23:05.786+0000] {news-dag.py:265} INFO - TASK 3: Extracting RSS URLs
[2026-02-16T15:23:05.787+0000] {news-dag.py:266} INFO - ================================================================================
[2026-02-16T15:23:05.788+0000] {news-dag.py:269} INFO - Loading data from task: scrape_rss_list, run_id: 2026-02-16
[2026-02-16T15:23:05.788+0000] {short_memory_manager.py:73} INFO - FileStorage initialized at /tmp/***_task_storage
[2026-02-16T15:23:05.789+0000] {short_memory_manager.py:451} INFO - TaskStorageManager initialized with file backend
[2026-02-16T15:23:05.811+0000] {short_memory_manager.py:216} INFO - ✅ Loaded scrape_rss_list (parquet, 2773 bytes)
[2026-02-16T15:23:05.812+0000] {taskinstance.py:2698} ERROR - Task failed with exception
Traceback (most recent call last):
  File "/home/airflow/.local/lib/python3.11/site-packages/airflow/models/taskinstance.py", line 428, in _execute_task
    result = execute_callable(context=context, **execute_callable_kwargs)
             ^^^^^^^^^^^^^^^^^^^^^^^^^^^^^^^^^^^^^^^^^^^^^^^^^^^^^^^^^^^^
  File "/home/airflow/.local/lib/python3.11/site-packages/airflow/decorators/base.py", line 241, in execute
    return_value = super().execute(context)
                   ^^^^^^^^^^^^^^^^^^^^^^^^
  File "/home/airflow/.local/lib/python3.11/site-packages/airflow/operators/python.py", line 199, in execute
    return_value = self.execute_callable()
                   ^^^^^^^^^^^^^^^^^^^^^^^
  File "/home/airflow/.local/lib/python3.11/site-packages/airflow/operators/python.py", line 216, in execute_callable
    return self.python_callable(*self.op_args, **self.op_kwargs)
           ^^^^^^^^^^^^^^^^^^^^^^^^^^^^^^^^^^^^^^^^^^^^^^^^^^^^^
  File "/opt/airflow/dags/news-dag.py", line 279, in extract_rss_urls
    rss_urls = [
               ^
  File "/opt/airflow/dags/news-dag.py", line 280, in <listcomp>
    {"category": item["category"], "url": item["rss_url"]} for item in rss_list
                 ~~~~^^^^^^^^^^^^
TypeError: string indices must be integers, not 'str'
[2026-02-16T15:23:05.835+0000] {taskinstance.py:1138} INFO - Marking task as UP_FOR_RETRY. dag_id=vnexpress_etl_taskflow, task_id=extract_rss_urls, execution_date=20260216T152259, start_date=20260216T152305, end_date=20260216T152305
[2026-02-16T15:23:05.851+0000] {standard_task_runner.py:107} ERROR - Failed to execute job 37 for task extract_rss_urls (string indices must be integers, not 'str'; 1424)
[2026-02-16T15:23:05.881+0000] {local_task_job_runner.py:234} INFO - Task exited with return code 1
[2026-02-16T15:23:05.911+0000] {taskinstance.py:3280} INFO - 0 downstream tasks scheduled from follow-on schedule check
