[2026-02-16T15:33:07.290+0000] {taskinstance.py:1956} INFO - Dependencies all met for dep_context=non-requeueable deps ti=<TaskInstance: vnexpress_etl_taskflow.extract_rss_urls manual__2026-02-16T15:33:01.716629+00:00 [queued]>
[2026-02-16T15:33:07.300+0000] {taskinstance.py:1956} INFO - Dependencies all met for dep_context=requeueable deps ti=<TaskInstance: vnexpress_etl_taskflow.extract_rss_urls manual__2026-02-16T15:33:01.716629+00:00 [queued]>
[2026-02-16T15:33:07.301+0000] {taskinstance.py:2170} INFO - Starting attempt 1 of 3
[2026-02-16T15:33:07.317+0000] {taskinstance.py:2191} INFO - Executing <Task(_PythonDecoratedOperator): extract_rss_urls> on 2026-02-16 15:33:01.716629+00:00
[2026-02-16T15:33:07.324+0000] {standard_task_runner.py:60} INFO - Started process 1691 to run task
[2026-02-16T15:33:07.327+0000] {standard_task_runner.py:87} INFO - Running: ['***', 'tasks', 'run', 'vnexpress_etl_taskflow', 'extract_rss_urls', 'manual__2026-02-16T15:33:01.716629+00:00', '--job-id', '48', '--raw', '--subdir', 'DAGS_FOLDER/news-dag.py', '--cfg-path', '/tmp/tmp6d__74nd']
[2026-02-16T15:33:07.330+0000] {standard_task_runner.py:88} INFO - Job 48: Subtask extract_rss_urls
[2026-02-16T15:33:07.418+0000] {task_command.py:423} INFO - Running <TaskInstance: vnexpress_etl_taskflow.extract_rss_urls manual__2026-02-16T15:33:01.716629+00:00 [running]> on host 773208116fb2
[2026-02-16T15:33:07.557+0000] {taskinstance.py:2480} INFO - Exporting env vars: AIRFLOW_CTX_DAG_OWNER='data_team' AIRFLOW_CTX_DAG_ID='vnexpress_etl_taskflow' AIRFLOW_CTX_TASK_ID='extract_rss_urls' AIRFLOW_CTX_EXECUTION_DATE='2026-02-16T15:33:01.716629+00:00' AIRFLOW_CTX_TRY_NUMBER='1' AIRFLOW_CTX_DAG_RUN_ID='manual__2026-02-16T15:33:01.716629+00:00'
[2026-02-16T15:33:07.560+0000] {news-dag.py:266} INFO - ================================================================================
[2026-02-16T15:33:07.560+0000] {news-dag.py:267} INFO - TASK 3: Extracting RSS URLs
[2026-02-16T15:33:07.561+0000] {news-dag.py:268} INFO - ================================================================================
[2026-02-16T15:33:07.562+0000] {news-dag.py:271} INFO - Loading data from task: validate_rss_list, run_id: 2026-02-16
[2026-02-16T15:33:07.563+0000] {short_memory_manager.py:73} INFO - FileStorage initialized at /tmp/***_task_storage
[2026-02-16T15:33:07.563+0000] {short_memory_manager.py:451} INFO - TaskStorageManager initialized with file backend
[2026-02-16T15:33:07.585+0000] {short_memory_manager.py:216} INFO - ✅ Loaded validate_rss_list (parquet, 2773 bytes)
[2026-02-16T15:33:07.586+0000] {news-dag.py:290} INFO - 📂 Loaded data: 19 records
[2026-02-16T15:33:07.589+0000] {news-dag.py:301} INFO - 📋 Extracted 19 RSS URLs
[2026-02-16T15:33:07.590+0000] {news-dag.py:302} INFO -    Columns: ['category', 'url']
[2026-02-16T15:33:07.593+0000] {news-dag.py:306} INFO -    PyArrow Table: pyarrow.Table
category: string
url: string
----
category: [["Trang chủ ","Thế giới ","Thời sự ","Kinh doanh ","Giải trí ",...,"Xe","Ý kiến","Tâm sự","Cười","Tin xem nhiều"]]
url: [["https://vnexpress.net/rss/tin-moi-nhat.rss","https://vnexpress.net/rss/the-gioi.rss","https://vnexpress.net/rss/thoi-su.rss","https://vnexpress.net/rss/kinh-doanh.rss","https://vnexpress.net/rss/giai-tri.rss",...,"https://vnexpress.net/rss/oto-xe-may.rss","https://vnexpress.net/rss/y-kien.rss","https://vnexpress.net/rss/tam-su.rss","https://vnexpress.net/rss/cuoi.rss","https://vnexpress.net/rss/tin-xem-nhieu.rss"]]
[2026-02-16T15:33:07.594+0000] {short_memory_manager.py:173} INFO - ✅ Saved extract_rss_urls (pickle, 2126 bytes) to /tmp/***_task_storage/2026-02-16/extract_rss_urls/data.pickle
[2026-02-16T15:33:07.595+0000] {news-dag.py:318} INFO - 💾 Saved RSS URLs to parquet: /tmp/***_task_storage/2026-02-16/extract_rss_urls/data.pickle
[2026-02-16T15:33:07.595+0000] {news-dag.py:319} INFO -    Format: Parquet (PyArrow Table)
[2026-02-16T15:33:07.596+0000] {news-dag.py:320} INFO -    Schema: category: string
url: string
-- schema metadata --
pandas: '{"index_columns": [{"kind": "range", "name": null, "start": 0, "' + 482
[2026-02-16T15:33:07.597+0000] {python.py:201} INFO - Done. Returned value was: {'task_id': 'extract_rss_urls', 'run_id': '2026-02-16', 'url_count': 19, 'ready_for_parsing': True, 'storage_path': '/tmp/***_task_storage/2026-02-16/extract_rss_urls/data.pickle'}
[2026-02-16T15:33:07.918+0000] {taskinstance.py:1138} INFO - Marking task as SUCCESS. dag_id=vnexpress_etl_taskflow, task_id=extract_rss_urls, execution_date=20260216T153301, start_date=20260216T153307, end_date=20260216T153307
[2026-02-16T15:33:07.983+0000] {local_task_job_runner.py:234} INFO - Task exited with return code 0
[2026-02-16T15:33:08.018+0000] {taskinstance.py:3280} INFO - 1 downstream tasks scheduled from follow-on schedule check
