[2026-02-15T17:41:01.589+0000] {manager.py:469} INFO - Processing files using up to 2 processes at a time 
[2026-02-15T17:41:01.591+0000] {manager.py:470} INFO - Process each file at most once every 30 seconds
[2026-02-15T17:41:01.592+0000] {manager.py:471} INFO - Checking for new files in /opt/airflow/dags every 300 seconds
[2026-02-15T17:41:01.593+0000] {manager.py:738} INFO - Searching for files in /opt/airflow/dags
[2026-02-15T17:41:01.634+0000] {manager.py:741} INFO - There are 1 files in /opt/airflow/dags
[2026-02-15T17:41:01.796+0000] {manager.py:879} INFO - 
================================================================================
DAG File Processing Stats

File Path                        PID  Runtime      # DAGs    # Errors  Last Runtime    Last Run
-----------------------------  -----  ---------  --------  ----------  --------------  ----------
/opt/airflow/dags/news-dag.py    190  0.06s             0           0
================================================================================
[2026-02-15T17:41:32.009+0000] {manager.py:879} INFO - 
================================================================================
DAG File Processing Stats

File Path                        PID  Runtime      # DAGs    # Errors  Last Runtime    Last Run
-----------------------------  -----  ---------  --------  ----------  --------------  -------------------
/opt/airflow/dags/news-dag.py    201  0.01s             0           1  0.12s           2026-02-15T17:41:01
================================================================================
[2026-02-15T17:42:02.348+0000] {manager.py:879} INFO - 
================================================================================
DAG File Processing Stats

File Path                        PID  Runtime      # DAGs    # Errors  Last Runtime    Last Run
-----------------------------  -----  ---------  --------  ----------  --------------  -------------------
/opt/airflow/dags/news-dag.py    212  0.01s             0           1  0.14s           2026-02-15T17:41:32
================================================================================
[2026-02-15T17:42:32.627+0000] {manager.py:879} INFO - 
================================================================================
DAG File Processing Stats

File Path                        PID  Runtime      # DAGs    # Errors  Last Runtime    Last Run
-----------------------------  -----  ---------  --------  ----------  --------------  -------------------
/opt/airflow/dags/news-dag.py    223  0.01s             0           1  0.14s           2026-02-15T17:42:02
================================================================================
[2026-02-15T17:43:02.927+0000] {manager.py:879} INFO - 
================================================================================
DAG File Processing Stats

File Path                        PID  Runtime      # DAGs    # Errors  Last Runtime    Last Run
-----------------------------  -----  ---------  --------  ----------  --------------  -------------------
/opt/airflow/dags/news-dag.py    234  0.01s             0           1  0.16s           2026-02-15T17:42:32
================================================================================
[2026-02-15T17:43:33.161+0000] {manager.py:879} INFO - 
================================================================================
DAG File Processing Stats

File Path                        PID  Runtime      # DAGs    # Errors  Last Runtime    Last Run
-----------------------------  -----  ---------  --------  ----------  --------------  -------------------
/opt/airflow/dags/news-dag.py    245  0.01s             0           1  0.12s           2026-02-15T17:43:03
================================================================================
[2026-02-15T17:44:03.510+0000] {manager.py:879} INFO - 
================================================================================
DAG File Processing Stats

File Path                        PID  Runtime      # DAGs    # Errors  Last Runtime    Last Run
-----------------------------  -----  ---------  --------  ----------  --------------  -------------------
/opt/airflow/dags/news-dag.py    256  0.01s             0           1  0.12s           2026-02-15T17:43:33
================================================================================
[2026-02-15T17:44:33.917+0000] {manager.py:879} INFO - 
================================================================================
DAG File Processing Stats

File Path                        PID  Runtime      # DAGs    # Errors  Last Runtime    Last Run
-----------------------------  -----  ---------  --------  ----------  --------------  -------------------
/opt/airflow/dags/news-dag.py    267  0.01s             0           1  0.18s           2026-02-15T17:44:03
================================================================================
[2026-02-15T17:45:04.173+0000] {manager.py:879} INFO - 
================================================================================
DAG File Processing Stats

File Path                        PID  Runtime      # DAGs    # Errors  Last Runtime    Last Run
-----------------------------  -----  ---------  --------  ----------  --------------  -------------------
/opt/airflow/dags/news-dag.py    278  0.01s             0           1  0.21s           2026-02-15T17:44:34
================================================================================
[2026-02-15T17:45:34.409+0000] {manager.py:879} INFO - 
================================================================================
DAG File Processing Stats

File Path                        PID  Runtime      # DAGs    # Errors  Last Runtime    Last Run
-----------------------------  -----  ---------  --------  ----------  --------------  -------------------
/opt/airflow/dags/news-dag.py    289  0.01s             0           1  0.13s           2026-02-15T17:45:04
================================================================================
[2026-02-15T17:46:01.649+0000] {manager.py:738} INFO - Searching for files in /opt/airflow/dags
[2026-02-15T17:46:01.685+0000] {manager.py:741} INFO - There are 1 files in /opt/airflow/dags
[2026-02-15T17:46:04.744+0000] {manager.py:879} INFO - 
================================================================================
DAG File Processing Stats

File Path                        PID  Runtime      # DAGs    # Errors  Last Runtime    Last Run
-----------------------------  -----  ---------  --------  ----------  --------------  -------------------
/opt/airflow/dags/news-dag.py    300  0.01s             0           1  0.12s           2026-02-15T17:45:34
================================================================================
[2026-02-15T17:46:35.248+0000] {manager.py:879} INFO - 
================================================================================
DAG File Processing Stats

File Path                      PID    Runtime      # DAGs    # Errors  Last Runtime    Last Run
-----------------------------  -----  ---------  --------  ----------  --------------  -------------------
/opt/airflow/dags/news-dag.py                           0           1  0.27s           2026-02-15T17:46:29
================================================================================
[2026-02-15T17:47:05.787+0000] {manager.py:879} INFO - 
================================================================================
DAG File Processing Stats

File Path                      PID    Runtime      # DAGs    # Errors  Last Runtime    Last Run
-----------------------------  -----  ---------  --------  ----------  --------------  -------------------
/opt/airflow/dags/news-dag.py                           1           0  1.25s           2026-02-15T17:46:56
================================================================================
[2026-02-15T17:47:36.055+0000] {manager.py:879} INFO - 
================================================================================
DAG File Processing Stats

File Path                      PID    Runtime      # DAGs    # Errors  Last Runtime    Last Run
-----------------------------  -----  ---------  --------  ----------  --------------  -------------------
/opt/airflow/dags/news-dag.py                           1           0  0.64s           2026-02-15T17:47:12
================================================================================
[2026-02-15T17:48:06.219+0000] {manager.py:879} INFO - 
================================================================================
DAG File Processing Stats

File Path                      PID    Runtime      # DAGs    # Errors  Last Runtime    Last Run
-----------------------------  -----  ---------  --------  ----------  --------------  -------------------
/opt/airflow/dags/news-dag.py                           1           0  0.40s           2026-02-15T17:47:43
================================================================================
[2026-02-15T17:48:36.470+0000] {manager.py:879} INFO - 
================================================================================
DAG File Processing Stats

File Path                      PID    Runtime      # DAGs    # Errors  Last Runtime    Last Run
-----------------------------  -----  ---------  --------  ----------  --------------  -------------------
/opt/airflow/dags/news-dag.py                           1           0  0.32s           2026-02-15T17:48:13
================================================================================
[2026-02-15T17:49:06.999+0000] {manager.py:879} INFO - 
================================================================================
DAG File Processing Stats

File Path                      PID    Runtime      # DAGs    # Errors  Last Runtime    Last Run
-----------------------------  -----  ---------  --------  ----------  --------------  -------------------
/opt/airflow/dags/news-dag.py                           1           0  0.30s           2026-02-15T17:48:44
================================================================================
[2026-02-15T17:49:37.092+0000] {manager.py:879} INFO - 
================================================================================
DAG File Processing Stats

File Path                      PID    Runtime      # DAGs    # Errors  Last Runtime    Last Run
-----------------------------  -----  ---------  --------  ----------  --------------  -------------------
/opt/airflow/dags/news-dag.py                           1           0  0.59s           2026-02-15T17:49:14
================================================================================
[2026-02-15T17:50:07.335+0000] {manager.py:879} INFO - 
================================================================================
DAG File Processing Stats

File Path                      PID    Runtime      # DAGs    # Errors  Last Runtime    Last Run
-----------------------------  -----  ---------  --------  ----------  --------------  -------------------
/opt/airflow/dags/news-dag.py                           1           0  0.35s           2026-02-15T17:49:45
================================================================================
[2026-02-15T17:50:37.935+0000] {manager.py:879} INFO - 
================================================================================
DAG File Processing Stats

File Path                      PID    Runtime      # DAGs    # Errors  Last Runtime    Last Run
-----------------------------  -----  ---------  --------  ----------  --------------  -------------------
/opt/airflow/dags/news-dag.py                           1           0  0.32s           2026-02-15T17:50:16
================================================================================
[2026-02-15T17:51:01.766+0000] {manager.py:738} INFO - Searching for files in /opt/airflow/dags
[2026-02-15T17:51:01.804+0000] {manager.py:741} INFO - There are 1 files in /opt/airflow/dags
[2026-02-15T17:51:08.445+0000] {manager.py:879} INFO - 
================================================================================
DAG File Processing Stats

File Path                      PID    Runtime      # DAGs    # Errors  Last Runtime    Last Run
-----------------------------  -----  ---------  --------  ----------  --------------  -------------------
/opt/airflow/dags/news-dag.py                           1           0  0.37s           2026-02-15T17:50:46
================================================================================
[2026-02-15T17:51:38.657+0000] {manager.py:879} INFO - 
================================================================================
DAG File Processing Stats

File Path                      PID    Runtime      # DAGs    # Errors  Last Runtime    Last Run
-----------------------------  -----  ---------  --------  ----------  --------------  -------------------
/opt/airflow/dags/news-dag.py                           1           0  0.62s           2026-02-15T17:51:17
================================================================================
[2026-02-15T17:52:08.905+0000] {manager.py:879} INFO - 
================================================================================
DAG File Processing Stats

File Path                      PID    Runtime      # DAGs    # Errors  Last Runtime    Last Run
-----------------------------  -----  ---------  --------  ----------  --------------  -------------------
/opt/airflow/dags/news-dag.py                           1           0  0.30s           2026-02-15T17:51:48
================================================================================
[2026-02-15T17:52:39.398+0000] {manager.py:879} INFO - 
================================================================================
DAG File Processing Stats

File Path                      PID    Runtime      # DAGs    # Errors  Last Runtime    Last Run
-----------------------------  -----  ---------  --------  ----------  --------------  -------------------
/opt/airflow/dags/news-dag.py                           1           0  0.26s           2026-02-15T17:52:18
================================================================================
[2026-02-15T17:53:09.853+0000] {manager.py:879} INFO - 
================================================================================
DAG File Processing Stats

File Path                      PID    Runtime      # DAGs    # Errors  Last Runtime    Last Run
-----------------------------  -----  ---------  --------  ----------  --------------  -------------------
/opt/airflow/dags/news-dag.py                           1           0  0.31s           2026-02-15T17:52:49
================================================================================
[2026-02-15T17:53:40.054+0000] {manager.py:879} INFO - 
================================================================================
DAG File Processing Stats

File Path                      PID    Runtime      # DAGs    # Errors  Last Runtime    Last Run
-----------------------------  -----  ---------  --------  ----------  --------------  -------------------
/opt/airflow/dags/news-dag.py                           1           0  0.65s           2026-02-15T17:53:19
================================================================================
[2026-02-15T17:54:10.288+0000] {manager.py:879} INFO - 
================================================================================
DAG File Processing Stats

File Path                      PID    Runtime      # DAGs    # Errors  Last Runtime    Last Run
-----------------------------  -----  ---------  --------  ----------  --------------  -------------------
/opt/airflow/dags/news-dag.py                           1           0  0.33s           2026-02-15T17:53:50
================================================================================
[2026-02-15T17:54:40.825+0000] {manager.py:879} INFO - 
================================================================================
DAG File Processing Stats

File Path                      PID    Runtime      # DAGs    # Errors  Last Runtime    Last Run
-----------------------------  -----  ---------  --------  ----------  --------------  -------------------
/opt/airflow/dags/news-dag.py                           1           0  0.32s           2026-02-15T17:54:20
================================================================================
[2026-02-15T17:55:11.437+0000] {manager.py:879} INFO - 
================================================================================
DAG File Processing Stats

File Path                      PID    Runtime      # DAGs    # Errors  Last Runtime    Last Run
-----------------------------  -----  ---------  --------  ----------  --------------  -------------------
/opt/airflow/dags/news-dag.py                           1           0  0.33s           2026-02-15T17:54:51
================================================================================
[2026-02-15T17:55:41.545+0000] {manager.py:879} INFO - 
================================================================================
DAG File Processing Stats

File Path                      PID    Runtime      # DAGs    # Errors  Last Runtime    Last Run
-----------------------------  -----  ---------  --------  ----------  --------------  -------------------
/opt/airflow/dags/news-dag.py                           1           0  0.74s           2026-02-15T17:55:22
================================================================================
[2026-02-15T17:55:49.041+0000] {manager.py:451} INFO - Exiting gracefully upon receiving signal 15
